rm -f results.xml
"make" -f Makefile results.xml
make[1]: Entering directory '/mnt/c/Users/adity/Documents/GitHub/async-fifo-cdc/sim'
mkdir -p sim_build
/usr/local/bin/verilator -cc --exe -Mdir sim_build -DCOCOTB_SIM=1 --top-module axis_async_fifo -Wno-fatal --timescale 1ns/1ps --vpi --public-flat-rw --prefix Vtop -o Vtop -LDFLAGS "-Wl,-rpath,/usr/local/lib/python3.10/dist-packages/cocotb/libs -L/usr/local/lib/python3.10/dist-packages/cocotb/libs -lcocotbvpi_verilator" --assert --trace /mnt/c/Users/adity/Documents/GitHub/async-fifo-cdc/src/rtl/top/pkg_defines.sv /mnt/c/Users/adity/Documents/GitHub/async-fifo-cdc/src/rtl/fifo/reset_sync.sv /mnt/c/Users/adity/Documents/GitHub/async-fifo-cdc/src/rtl/fifo/fifo_mem.sv /mnt/c/Users/adity/Documents/GitHub/async-fifo-cdc/src/rtl/fifo/sync_r2w.sv /mnt/c/Users/adity/Documents/GitHub/async-fifo-cdc/src/rtl/fifo/sync_w2r.sv /mnt/c/Users/adity/Documents/GitHub/async-fifo-cdc/src/rtl/fifo/wptr_full.sv /mnt/c/Users/adity/Documents/GitHub/async-fifo-cdc/src/rtl/fifo/rptr_empty.sv /mnt/c/Users/adity/Documents/GitHub/async-fifo-cdc/src/rtl/fifo/async_fifo.sv /mnt/c/Users/adity/Documents/GitHub/async-fifo-cdc/src/rtl/fifo/axis_async_fifo.sv /mnt/c/Users/adity/Documents/GitHub/async-fifo-cdc/src/tb/async_fifo_assertions.sv /usr/local/lib/python3.10/dist-packages/cocotb/share/lib/verilator/verilator.cpp
- V e r i l a t i o n   R e p o r t: Verilator 5.048 2026-04-26 rev v5.048-56-gc233a3905
- Verilator: Built from 0.239 MB sources in 12 modules, into 0.292 MB in 11 C++ files needing 0.000 MB
- Verilator: Walltime 0.259 s (elab=0.002, cvt=0.036, bld=0.000); cpu 0.048 s on 1 threads; allocated 22.164 MB
make -C sim_build  -f Vtop.mk
make[2]: Entering directory '/mnt/c/Users/adity/Documents/GitHub/async-fifo-cdc/sim/sim_build'
g++  -I.  -MMD -I/usr/local/share/verilator/include -I/usr/local/share/verilator/include/vltstd -DVERILATOR=1 -DVM_COVERAGE=0 -DVM_SC=0 -DVM_TIMING=0 -DVM_TRACE=1 -DVM_TRACE_FST=0 -DVM_TRACE_VCD=1 -DVM_TRACE_SAIF=0 -faligned-new -fcf-protection=none -Wno-bool-operation -Wno-int-in-bool-context -Wno-shadow -Wno-sign-compare -Wno-subobject-linkage -Wno-tautological-compare -Wno-uninitialized -Wno-unused-but-set-parameter -Wno-unused-but-set-variable -Wno-unused-parameter -Wno-unused-variable      -Os  -c -o verilator.o /usr/local/lib/python3.10/dist-packages/cocotb/share/lib/verilator/verilator.cpp
g++ -Os  -I.  -MMD -I/usr/local/share/verilator/include -I/usr/local/share/verilator/include/vltstd -DVERILATOR=1 -DVM_COVERAGE=0 -DVM_SC=0 -DVM_TIMING=0 -DVM_TRACE=1 -DVM_TRACE_FST=0 -DVM_TRACE_VCD=1 -DVM_TRACE_SAIF=0 -faligned-new -fcf-protection=none -Wno-bool-operation -Wno-int-in-bool-context -Wno-shadow -Wno-sign-compare -Wno-subobject-linkage -Wno-tautological-compare -Wno-uninitialized -Wno-unused-but-set-parameter -Wno-unused-but-set-variable -Wno-unused-parameter -Wno-unused-variable      -c -o verilated.o /usr/local/share/verilator/include/verilated.cpp
g++ -Os  -I.  -MMD -I/usr/local/share/verilator/include -I/usr/local/share/verilator/include/vltstd -DVERILATOR=1 -DVM_COVERAGE=0 -DVM_SC=0 -DVM_TIMING=0 -DVM_TRACE=1 -DVM_TRACE_FST=0 -DVM_TRACE_VCD=1 -DVM_TRACE_SAIF=0 -faligned-new -fcf-protection=none -Wno-bool-operation -Wno-int-in-bool-context -Wno-shadow -Wno-sign-compare -Wno-subobject-linkage -Wno-tautological-compare -Wno-uninitialized -Wno-unused-but-set-parameter -Wno-unused-but-set-variable -Wno-unused-parameter -Wno-unused-variable      -c -o verilated_dpi.o /usr/local/share/verilator/include/verilated_dpi.cpp
g++ -Os  -I.  -MMD -I/usr/local/share/verilator/include -I/usr/local/share/verilator/include/vltstd -DVERILATOR=1 -DVM_COVERAGE=0 -DVM_SC=0 -DVM_TIMING=0 -DVM_TRACE=1 -DVM_TRACE_FST=0 -DVM_TRACE_VCD=1 -DVM_TRACE_SAIF=0 -faligned-new -fcf-protection=none -Wno-bool-operation -Wno-int-in-bool-context -Wno-shadow -Wno-sign-compare -Wno-subobject-linkage -Wno-tautological-compare -Wno-uninitialized -Wno-unused-but-set-parameter -Wno-unused-but-set-variable -Wno-unused-parameter -Wno-unused-variable      -c -o verilated_vpi.o /usr/local/share/verilator/include/verilated_vpi.cpp
g++ -Os  -I.  -MMD -I/usr/local/share/verilator/include -I/usr/local/share/verilator/include/vltstd -DVERILATOR=1 -DVM_COVERAGE=0 -DVM_SC=0 -DVM_TIMING=0 -DVM_TRACE=1 -DVM_TRACE_FST=0 -DVM_TRACE_VCD=1 -DVM_TRACE_SAIF=0 -faligned-new -fcf-protection=none -Wno-bool-operation -Wno-int-in-bool-context -Wno-shadow -Wno-sign-compare -Wno-subobject-linkage -Wno-tautological-compare -Wno-uninitialized -Wno-unused-but-set-parameter -Wno-unused-but-set-variable -Wno-unused-parameter -Wno-unused-variable      -c -o verilated_vcd_c.o /usr/local/share/verilator/include/verilated_vcd_c.cpp
g++ -Os  -I.  -MMD -I/usr/local/share/verilator/include -I/usr/local/share/verilator/include/vltstd -DVERILATOR=1 -DVM_COVERAGE=0 -DVM_SC=0 -DVM_TIMING=0 -DVM_TRACE=1 -DVM_TRACE_FST=0 -DVM_TRACE_VCD=1 -DVM_TRACE_SAIF=0 -faligned-new -fcf-protection=none -Wno-bool-operation -Wno-int-in-bool-context -Wno-shadow -Wno-sign-compare -Wno-subobject-linkage -Wno-tautological-compare -Wno-uninitialized -Wno-unused-but-set-parameter -Wno-unused-but-set-variable -Wno-unused-parameter -Wno-unused-variable      -c -o verilated_threads.o /usr/local/share/verilator/include/verilated_threads.cpp
python3 /usr/local/share/verilator/bin/verilator_includer -DVL_INCLUDE_OPT=include Vtop.cpp Vtop___024root__0.cpp Vtop__Dpi.cpp Vtop__Trace__0.cpp Vtop___024root__Slow.cpp Vtop___024root__0__Slow.cpp Vtop_pkg_defines__Slow.cpp Vtop___024unit__Slow.cpp Vtop__Syms__Slow.cpp Vtop__Trace__0__Slow.cpp Vtop__TraceDecls__0__Slow.cpp > Vtop__ALL.cpp
g++ -Os  -I.  -MMD -I/usr/local/share/verilator/include -I/usr/local/share/verilator/include/vltstd -DVERILATOR=1 -DVM_COVERAGE=0 -DVM_SC=0 -DVM_TIMING=0 -DVM_TRACE=1 -DVM_TRACE_FST=0 -DVM_TRACE_VCD=1 -DVM_TRACE_SAIF=0 -faligned-new -fcf-protection=none -Wno-bool-operation -Wno-int-in-bool-context -Wno-shadow -Wno-sign-compare -Wno-subobject-linkage -Wno-tautological-compare -Wno-uninitialized -Wno-unused-but-set-parameter -Wno-unused-but-set-variable -Wno-unused-parameter -Wno-unused-variable      -c -o Vtop__ALL.o Vtop__ALL.cpp
g++    verilator.o verilated.o verilated_dpi.o verilated_vpi.o verilated_vcd_c.o verilated_threads.o Vtop__ALL.a   -Wl,-rpath,/usr/local/lib/python3.10/dist-packages/cocotb/libs -L/usr/local/lib/python3.10/dist-packages/cocotb/libs -lcocotbvpi_verilator  -pthread -lpthread -latomic   -o Vtop
rm Vtop__ALL.verilator_deplist.tmp
make[2]: Leaving directory '/mnt/c/Users/adity/Documents/GitHub/async-fifo-cdc/sim/sim_build'
rm -f results.xml
MODULE=test_axis_async_fifo TESTCASE= TOPLEVEL=axis_async_fifo TOPLEVEL_LANG=verilog \
         sim_build/Vtop  --assert --trace  
     -.--ns INFO     gpi                                ..mbed/gpi_embed.cpp:79   in set_program_name_in_venv        Did not detect Python virtual environment. Using system-wide Python interpreter
     -.--ns INFO     gpi                                ../gpi/GpiCommon.cpp:101  in gpi_print_registered_impl       VPI registered
     0.00ns INFO     cocotb                             Running on Verilator version 5.048 2026-04-26
     0.00ns INFO     cocotb                             Running tests with cocotb v1.9.2 from /usr/local/lib/python3.10/dist-packages/cocotb
     0.00ns INFO     cocotb                             Seeding Python random module with 1782508608
     0.00ns INFO     cocotb.regression                  pytest not found, install it to enable better AssertionError messages
     0.00ns INFO     cocotb.regression                  Found test test_axis_async_fifo.test_axis_framing_preserved
     0.00ns INFO     cocotb.regression                  running test_axis_framing_preserved (1/1)
   821.00ns INFO     cocotb.regression                  test_axis_framing_preserved passed
   821.00ns INFO     cocotb.regression                  **********************************************************************************************************
                                                        ** TEST                                              STATUS  SIM TIME (ns)  REAL TIME (s)  RATIO (ns/s) **
                                                        **********************************************************************************************************
                                                        ** test_axis_async_fifo.test_axis_framing_preserved   PASS         821.00           0.03      24896.81  **
                                                        **********************************************************************************************************
                                                        ** TESTS=1 PASS=1 FAIL=0 SKIP=0                                    821.00           0.06      13864.23  **
                                                        **********************************************************************************************************
                                                        
- :0: Verilog $finish
make[1]: Leaving directory '/mnt/c/Users/adity/Documents/GitHub/async-fifo-cdc/sim'
